<?xml version="1.0" encoding="UTF-8"?>
<testng-results ignored="0" total="1" passed="1" failed="0" skipped="0">
  <reporter-output>
  </reporter-output>
  <suite started-at="2021-02-10T18:26:28 CST" name="Default suite" finished-at="2021-02-10T18:26:30 CST" duration-ms="2006">
    <groups>
    </groups>
    <test started-at="2021-02-10T18:26:28 CST" name="Default test" finished-at="2021-02-10T18:26:30 CST" duration-ms="2006">
      <class name="com.qa.base.testbase.GetApiTest">
        <test-method is-config="true" signature="setUp()[pri:0, instance:com.qa.base.testbase.GetApiTest@37f1104d]" started-at="2021-02-10T18:26:28 CST" name="setUp" finished-at="2021-02-10T18:26:28 CST" duration-ms="7" status="PASS">
          <reporter-output>
          </reporter-output>
        </test-method> <!-- setUp -->
        <test-method signature="getAPITest()[pri:0, instance:com.qa.base.testbase.GetApiTest@37f1104d]" started-at="2021-02-10T18:26:28 CST" name="getAPITest" finished-at="2021-02-10T18:26:30 CST" duration-ms="1951" status="PASS">
          <reporter-output>
          </reporter-output>
        </test-method> <!-- getAPITest -->
      </class> <!-- com.qa.base.testbase.GetApiTest -->
    </test> <!-- Default test -->
  </suite> <!-- Default suite -->
</testng-results>
